{"/home/liox/jalasoft/jalasoft-bootcamp/JalaUniversity_Backend/final-project/src/type.core.ts": {"path":"/home/liox/jalasoft/jalasoft-bootcamp/JalaUniversity_Backend/final-project/src/type.core.ts","statementMap":{"0":{"start":{"line":1,"column":14},"end":{"line":18,"column":null}},"1":{"start":{"line":20,"column":9},"end":{"line":20,"column":14}}},"fnMap":{},"branchMap":{},"s":{"0":5,"1":5},"f":{},"b":{}}
,"/home/liox/jalasoft/jalasoft-bootcamp/JalaUniversity_Backend/final-project/src/core/domain/entities/board.entity.ts": {"path":"/home/liox/jalasoft/jalasoft-bootcamp/JalaUniversity_Backend/final-project/src/core/domain/entities/board.entity.ts","statementMap":{"0":{"start":{"line":6,"column":4},"end":{"line":6,"column":null}},"1":{"start":{"line":7,"column":4},"end":{"line":7,"column":null}},"2":{"start":{"line":1,"column":0},"end":{"line":1,"column":13}}},"fnMap":{"0":{"name":"(anonymous_0)","decl":{"start":{"line":5,"column":2},"end":{"line":5,"column":15}},"loc":{"start":{"line":5,"column":49},"end":{"line":8,"column":3}}}},"branchMap":{},"s":{"0":7,"1":7,"2":3},"f":{"0":7},"b":{}}
,"/home/liox/jalasoft/jalasoft-bootcamp/JalaUniversity_Backend/final-project/src/core/domain/entities/food.entity.ts": {"path":"/home/liox/jalasoft/jalasoft-bootcamp/JalaUniversity_Backend/final-project/src/core/domain/entities/food.entity.ts","statementMap":{"0":{"start":{"line":9,"column":4},"end":{"line":9,"column":null}},"1":{"start":{"line":10,"column":4},"end":{"line":10,"column":null}},"2":{"start":{"line":4,"column":0},"end":{"line":4,"column":13}}},"fnMap":{"0":{"name":"(anonymous_0)","decl":{"start":{"line":8,"column":2},"end":{"line":8,"column":15}},"loc":{"start":{"line":8,"column":54},"end":{"line":11,"column":3}}}},"branchMap":{},"s":{"0":1,"1":1,"2":2},"f":{"0":1},"b":{}}
,"/home/liox/jalasoft/jalasoft-bootcamp/JalaUniversity_Backend/final-project/src/core/domain/entities/matchGame.entity.ts": {"path":"/home/liox/jalasoft/jalasoft-bootcamp/JalaUniversity_Backend/final-project/src/core/domain/entities/matchGame.entity.ts","statementMap":{"0":{"start":{"line":3,"column":0},"end":{"line":3,"column":null}},"1":{"start":{"line":4,"column":2},"end":{"line":4,"column":null}},"2":{"start":{"line":5,"column":2},"end":{"line":5,"column":null}},"3":{"start":{"line":6,"column":2},"end":{"line":6,"column":null}},"4":{"start":{"line":17,"column":4},"end":{"line":17,"column":null}},"5":{"start":{"line":18,"column":4},"end":{"line":18,"column":null}},"6":{"start":{"line":19,"column":4},"end":{"line":19,"column":null}},"7":{"start":{"line":20,"column":4},"end":{"line":20,"column":null}},"8":{"start":{"line":21,"column":4},"end":{"line":21,"column":null}},"9":{"start":{"line":9,"column":0},"end":{"line":9,"column":13}}},"fnMap":{"0":{"name":"(anonymous_0)","decl":{"start":{"line":3,"column":0},"end":{"line":3,"column":12}},"loc":{"start":{"line":3,"column":27},"end":{"line":7,"column":1}}},"1":{"name":"(anonymous_1)","decl":{"start":{"line":16,"column":2},"end":{"line":16,"column":15}},"loc":{"start":{"line":16,"column":79},"end":{"line":22,"column":3}}}},"branchMap":{"0":{"loc":{"start":{"line":3,"column":12},"end":{"line":3,"column":null}},"type":"binary-expr","locations":[{"start":{"line":3,"column":12},"end":{"line":3,"column":27}},{"start":{"line":3,"column":12},"end":{"line":3,"column":null}}]}},"s":{"0":1,"1":1,"2":1,"3":1,"4":0,"5":0,"6":0,"7":0,"8":0,"9":1},"f":{"0":1,"1":0},"b":{"0":[1,1]}}
,"/home/liox/jalasoft/jalasoft-bootcamp/JalaUniversity_Backend/final-project/src/core/domain/entities/snake.entity.ts": {"path":"/home/liox/jalasoft/jalasoft-bootcamp/JalaUniversity_Backend/final-project/src/core/domain/entities/snake.entity.ts","statementMap":{"0":{"start":{"line":1,"column":0},"end":{"line":1,"column":54}},"1":{"start":{"line":11,"column":4},"end":{"line":11,"column":null}},"2":{"start":{"line":12,"column":4},"end":{"line":12,"column":null}},"3":{"start":{"line":13,"column":4},"end":{"line":13,"column":null}},"4":{"start":{"line":14,"column":4},"end":{"line":14,"column":null}},"5":{"start":{"line":4,"column":0},"end":{"line":4,"column":13}}},"fnMap":{"0":{"name":"(anonymous_0)","decl":{"start":{"line":10,"column":2},"end":{"line":10,"column":15}},"loc":{"start":{"line":10,"column":79},"end":{"line":15,"column":3}}}},"branchMap":{},"s":{"0":2,"1":1,"2":1,"3":1,"4":1,"5":2},"f":{"0":1},"b":{}}
,"/home/liox/jalasoft/jalasoft-bootcamp/JalaUniversity_Backend/final-project/src/core/domain/entities/snakeBody.entity.ts": {"path":"/home/liox/jalasoft/jalasoft-bootcamp/JalaUniversity_Backend/final-project/src/core/domain/entities/snakeBody.entity.ts","statementMap":{"0":{"start":{"line":8,"column":4},"end":{"line":8,"column":null}},"1":{"start":{"line":9,"column":4},"end":{"line":9,"column":null}},"2":{"start":{"line":3,"column":0},"end":{"line":3,"column":13}}},"fnMap":{"0":{"name":"(anonymous_0)","decl":{"start":{"line":7,"column":2},"end":{"line":7,"column":15}},"loc":{"start":{"line":7,"column":67},"end":{"line":10,"column":3}}}},"branchMap":{},"s":{"0":0,"1":0,"2":2},"f":{"0":0},"b":{}}
,"/home/liox/jalasoft/jalasoft-bootcamp/JalaUniversity_Backend/final-project/src/core/domain/services/board.service.ts": {"path":"/home/liox/jalasoft/jalasoft-bootcamp/JalaUniversity_Backend/final-project/src/core/domain/services/board.service.ts","statementMap":{"0":{"start":{"line":1,"column":0},"end":{"line":1,"column":46}},"1":{"start":{"line":4,"column":0},"end":{"line":4,"column":42}},"2":{"start":{"line":7,"column":7},"end":{"line":24,"column":null}},"3":{"start":{"line":10,"column":4},"end":{"line":10,"column":null}},"4":{"start":{"line":14,"column":4},"end":{"line":14,"column":null}},"5":{"start":{"line":18,"column":4},"end":{"line":18,"column":null}},"6":{"start":{"line":22,"column":4},"end":{"line":22,"column":null}},"7":{"start":{"line":7,"column":13},"end":{"line":24,"column":null}},"8":{"start":{"line":7,"column":13},"end":{"line":7,"column":25}}},"fnMap":{"0":{"name":"(anonymous_4)","decl":{"start":{"line":9,"column":2},"end":{"line":9,"column":16}},"loc":{"start":{"line":9,"column":76},"end":{"line":11,"column":3}}},"1":{"name":"(anonymous_5)","decl":{"start":{"line":13,"column":2},"end":{"line":13,"column":7}},"loc":{"start":{"line":13,"column":39},"end":{"line":15,"column":3}}},"2":{"name":"(anonymous_6)","decl":{"start":{"line":17,"column":2},"end":{"line":17,"column":7}},"loc":{"start":{"line":17,"column":29},"end":{"line":19,"column":3}}},"3":{"name":"(anonymous_7)","decl":{"start":{"line":21,"column":2},"end":{"line":21,"column":7}},"loc":{"start":{"line":21,"column":39},"end":{"line":23,"column":3}}}},"branchMap":{},"s":{"0":1,"1":1,"2":1,"3":3,"4":1,"5":1,"6":1,"7":1,"8":1},"f":{"0":3,"1":1,"2":1,"3":1},"b":{}}
,"/home/liox/jalasoft/jalasoft-bootcamp/JalaUniversity_Backend/final-project/src/core/domain/services/food.service.ts": {"path":"/home/liox/jalasoft/jalasoft-bootcamp/JalaUniversity_Backend/final-project/src/core/domain/services/food.service.ts","statementMap":{"0":{"start":{"line":1,"column":0},"end":{"line":1,"column":46}},"1":{"start":{"line":4,"column":0},"end":{"line":4,"column":42}},"2":{"start":{"line":7,"column":7},"end":{"line":28,"column":null}},"3":{"start":{"line":10,"column":4},"end":{"line":10,"column":null}},"4":{"start":{"line":14,"column":4},"end":{"line":14,"column":null}},"5":{"start":{"line":18,"column":4},"end":{"line":18,"column":null}},"6":{"start":{"line":22,"column":4},"end":{"line":22,"column":null}},"7":{"start":{"line":26,"column":4},"end":{"line":26,"column":null}},"8":{"start":{"line":7,"column":13},"end":{"line":28,"column":null}},"9":{"start":{"line":7,"column":13},"end":{"line":7,"column":24}}},"fnMap":{"0":{"name":"(anonymous_4)","decl":{"start":{"line":9,"column":2},"end":{"line":9,"column":16}},"loc":{"start":{"line":9,"column":73},"end":{"line":11,"column":3}}},"1":{"name":"(anonymous_5)","decl":{"start":{"line":13,"column":2},"end":{"line":13,"column":7}},"loc":{"start":{"line":13,"column":36},"end":{"line":15,"column":3}}},"2":{"name":"(anonymous_6)","decl":{"start":{"line":17,"column":2},"end":{"line":17,"column":7}},"loc":{"start":{"line":17,"column":28},"end":{"line":19,"column":3}}},"3":{"name":"(anonymous_7)","decl":{"start":{"line":21,"column":2},"end":{"line":21,"column":7}},"loc":{"start":{"line":21,"column":36},"end":{"line":23,"column":3}}},"4":{"name":"(anonymous_8)","decl":{"start":{"line":25,"column":2},"end":{"line":25,"column":7}},"loc":{"start":{"line":25,"column":30},"end":{"line":27,"column":3}}}},"branchMap":{},"s":{"0":1,"1":1,"2":1,"3":1,"4":1,"5":0,"6":0,"7":0,"8":1,"9":1},"f":{"0":1,"1":1,"2":0,"3":0,"4":0},"b":{}}
,"/home/liox/jalasoft/jalasoft-bootcamp/JalaUniversity_Backend/final-project/src/core/domain/services/matchGame.service.ts": {"path":"/home/liox/jalasoft/jalasoft-bootcamp/JalaUniversity_Backend/final-project/src/core/domain/services/matchGame.service.ts","statementMap":{"0":{"start":{"line":1,"column":0},"end":{"line":1,"column":46}},"1":{"start":{"line":2,"column":0},"end":{"line":2,"column":36}},"2":{"start":{"line":3,"column":0},"end":{"line":3,"column":79}},"3":{"start":{"line":5,"column":0},"end":{"line":5,"column":42}},"4":{"start":{"line":11,"column":0},"end":{"line":11,"column":65}},"5":{"start":{"line":12,"column":0},"end":{"line":12,"column":46}},"6":{"start":{"line":15,"column":0},"end":{"line":15,"column":54}},"7":{"start":{"line":25,"column":7},"end":{"line":250,"column":null}},"8":{"start":{"line":36,"column":4},"end":{"line":40,"column":null}},"9":{"start":{"line":37,"column":6},"end":{"line":37,"column":null}},"10":{"start":{"line":39,"column":6},"end":{"line":39,"column":null}},"11":{"start":{"line":44,"column":4},"end":{"line":44,"column":null}},"12":{"start":{"line":48,"column":4},"end":{"line":51,"column":null}},"13":{"start":{"line":49,"column":6},"end":{"line":49,"column":null}},"14":{"start":{"line":50,"column":6},"end":{"line":50,"column":null}},"15":{"start":{"line":55,"column":4},"end":{"line":55,"column":null}},"16":{"start":{"line":56,"column":4},"end":{"line":56,"column":null}},"17":{"start":{"line":68,"column":4},"end":{"line":68,"column":null}},"18":{"start":{"line":69,"column":4},"end":{"line":69,"column":null}},"19":{"start":{"line":70,"column":4},"end":{"line":70,"column":null}},"20":{"start":{"line":71,"column":4},"end":{"line":71,"column":null}},"21":{"start":{"line":72,"column":4},"end":{"line":72,"column":null}},"22":{"start":{"line":73,"column":4},"end":{"line":73,"column":null}},"23":{"start":{"line":74,"column":4},"end":{"line":74,"column":null}},"24":{"start":{"line":75,"column":4},"end":{"line":77,"column":null}},"25":{"start":{"line":76,"column":6},"end":{"line":76,"column":null}},"26":{"start":{"line":81,"column":22},"end":{"line":81,"column":54}},"27":{"start":{"line":83,"column":29},"end":{"line":83,"column":51}},"28":{"start":{"line":84,"column":4},"end":{"line":84,"column":null}},"29":{"start":{"line":85,"column":4},"end":{"line":85,"column":null}},"30":{"start":{"line":87,"column":4},"end":{"line":87,"column":null}},"31":{"start":{"line":91,"column":20},"end":{"line":91,"column":21}},"32":{"start":{"line":92,"column":20},"end":{"line":92,"column":21}},"33":{"start":{"line":93,"column":19},"end":{"line":93,"column":20}},"34":{"start":{"line":94,"column":20},"end":{"line":94,"column":21}},"35":{"start":{"line":95,"column":17},"end":{"line":95,"column":18}},"36":{"start":{"line":96,"column":27},"end":{"line":96,"column":83}},"37":{"start":{"line":98,"column":36},"end":{"line":101,"column":null}},"38":{"start":{"line":103,"column":36},"end":{"line":108,"column":null}},"39":{"start":{"line":110,"column":34},"end":{"line":113,"column":null}},"40":{"start":{"line":115,"column":40},"end":{"line":120,"column":null}},"41":{"start":{"line":122,"column":22},"end":{"line":127,"column":null}},"42":{"start":{"line":128,"column":4},"end":{"line":128,"column":null}},"43":{"start":{"line":139,"column":8},"end":{"line":139,"column":28}},"44":{"start":{"line":141,"column":18},"end":{"line":141,"column":67}},"45":{"start":{"line":142,"column":18},"end":{"line":142,"column":75}},"46":{"start":{"line":143,"column":17},"end":{"line":143,"column":63}},"47":{"start":{"line":144,"column":29},"end":{"line":144,"column":90}},"48":{"start":{"line":146,"column":22},"end":{"line":151,"column":null}},"49":{"start":{"line":153,"column":4},"end":{"line":153,"column":null}},"50":{"start":{"line":157,"column":28},"end":{"line":157,"column":67}},"51":{"start":{"line":158,"column":23},"end":{"line":158,"column":72}},"52":{"start":{"line":159,"column":28},"end":{"line":159,"column":88}},"53":{"start":{"line":160,"column":28},"end":{"line":160,"column":92}},"54":{"start":{"line":161,"column":24},"end":{"line":161,"column":76}},"55":{"start":{"line":163,"column":22},"end":{"line":169,"column":null}},"56":{"start":{"line":170,"column":4},"end":{"line":170,"column":null}},"57":{"start":{"line":174,"column":28},"end":{"line":174,"column":67}},"58":{"start":{"line":175,"column":28},"end":{"line":175,"column":88}},"59":{"start":{"line":177,"column":4},"end":{"line":177,"column":null}},"60":{"start":{"line":179,"column":24},"end":{"line":179,"column":90}},"61":{"start":{"line":180,"column":4},"end":{"line":182,"column":null}},"62":{"start":{"line":181,"column":6},"end":{"line":181,"column":null}},"63":{"start":{"line":184,"column":4},"end":{"line":184,"column":null}},"64":{"start":{"line":186,"column":24},"end":{"line":186,"column":55}},"65":{"start":{"line":188,"column":22},"end":{"line":191,"column":null}},"66":{"start":{"line":192,"column":4},"end":{"line":192,"column":null}},"67":{"start":{"line":196,"column":22},"end":{"line":196,"column":23}},"68":{"start":{"line":197,"column":23},"end":{"line":197,"column":24}},"69":{"start":{"line":198,"column":28},"end":{"line":198,"column":67}},"70":{"start":{"line":199,"column":23},"end":{"line":199,"column":72}},"71":{"start":{"line":200,"column":24},"end":{"line":200,"column":84}},"72":{"start":{"line":201,"column":29},"end":{"line":201,"column":93}},"73":{"start":{"line":202,"column":24},"end":{"line":202,"column":76}},"74":{"start":{"line":204,"column":32},"end":{"line":204,"column":110}},"75":{"start":{"line":205,"column":31},"end":{"line":205,"column":110}},"76":{"start":{"line":207,"column":4},"end":{"line":207,"column":null}},"77":{"start":{"line":208,"column":4},"end":{"line":208,"column":null}},"78":{"start":{"line":209,"column":4},"end":{"line":209,"column":null}},"79":{"start":{"line":210,"column":4},"end":{"line":210,"column":null}},"80":{"start":{"line":211,"column":4},"end":{"line":211,"column":null}},"81":{"start":{"line":213,"column":4},"end":{"line":213,"column":null}},"82":{"start":{"line":214,"column":4},"end":{"line":214,"column":null}},"83":{"start":{"line":215,"column":4},"end":{"line":215,"column":null}},"84":{"start":{"line":216,"column":4},"end":{"line":216,"column":null}},"85":{"start":{"line":218,"column":22},"end":{"line":224,"column":null}},"86":{"start":{"line":225,"column":4},"end":{"line":225,"column":null}},"87":{"start":{"line":229,"column":23},"end":{"line":229,"column":52}},"88":{"start":{"line":230,"column":24},"end":{"line":230,"column":63}},"89":{"start":{"line":231,"column":4},"end":{"line":234,"column":null}},"90":{"start":{"line":232,"column":6},"end":{"line":232,"column":null}},"91":{"start":{"line":233,"column":6},"end":{"line":233,"column":null}},"92":{"start":{"line":238,"column":17},"end":{"line":238,"column":18}},"93":{"start":{"line":239,"column":24},"end":{"line":239,"column":55}},"94":{"start":{"line":240,"column":23},"end":{"line":240,"column":52}},"95":{"start":{"line":241,"column":4},"end":{"line":241,"column":null}},"96":{"start":{"line":242,"column":4},"end":{"line":242,"column":null}},"97":{"start":{"line":246,"column":28},"end":{"line":246,"column":67}},"98":{"start":{"line":247,"column":4},"end":{"line":247,"column":null}},"99":{"start":{"line":248,"column":4},"end":{"line":248,"column":null}},"100":{"start":{"line":25,"column":13},"end":{"line":250,"column":null}},"101":{"start":{"line":25,"column":13},"end":{"line":25,"column":29}}},"fnMap":{"0":{"name":"(anonymous_4)","decl":{"start":{"line":35,"column":2},"end":{"line":35,"column":6}},"loc":{"start":{"line":35,"column":11},"end":{"line":41,"column":3}}},"1":{"name":"(anonymous_5)","decl":{"start":{"line":43,"column":2},"end":{"line":43,"column":6}},"loc":{"start":{"line":43,"column":50},"end":{"line":45,"column":3}}},"2":{"name":"(anonymous_6)","decl":{"start":{"line":47,"column":2},"end":{"line":47,"column":12}},"loc":{"start":{"line":47,"column":38},"end":{"line":52,"column":3}}},"3":{"name":"(anonymous_7)","decl":{"start":{"line":48,"column":23},"end":{"line":48,"column":28}},"loc":{"start":{"line":48,"column":34},"end":{"line":51,"column":5}}},"4":{"name":"(anonymous_8)","decl":{"start":{"line":54,"column":2},"end":{"line":54,"column":11}},"loc":{"start":{"line":54,"column":50},"end":{"line":57,"column":3}}},"5":{"name":"(anonymous_9)","decl":{"start":{"line":59,"column":2},"end":{"line":59,"column":null}},"loc":{"start":{"line":66,"column":58},"end":{"line":78,"column":3}}},"6":{"name":"(anonymous_10)","decl":{"start":{"line":75,"column":29},"end":{"line":75,"column":32}},"loc":{"start":{"line":75,"column":34},"end":{"line":77,"column":5}}},"7":{"name":"(anonymous_11)","decl":{"start":{"line":80,"column":2},"end":{"line":80,"column":7}},"loc":{"start":{"line":80,"column":61},"end":{"line":88,"column":3}}},"8":{"name":"(anonymous_12)","decl":{"start":{"line":90,"column":2},"end":{"line":90,"column":11}},"loc":{"start":{"line":90,"column":25},"end":{"line":129,"column":3}}},"9":{"name":"(anonymous_13)","decl":{"start":{"line":131,"column":2},"end":{"line":131,"column":7}},"loc":{"start":{"line":132,"column":16},"end":{"line":154,"column":3}}},"10":{"name":"(anonymous_14)","decl":{"start":{"line":156,"column":2},"end":{"line":156,"column":7}},"loc":{"start":{"line":156,"column":36},"end":{"line":171,"column":3}}},"11":{"name":"(anonymous_15)","decl":{"start":{"line":173,"column":2},"end":{"line":173,"column":7}},"loc":{"start":{"line":173,"column":36},"end":{"line":193,"column":3}}},"12":{"name":"(anonymous_16)","decl":{"start":{"line":195,"column":2},"end":{"line":195,"column":7}},"loc":{"start":{"line":195,"column":27},"end":{"line":226,"column":3}}},"13":{"name":"(anonymous_17)","decl":{"start":{"line":228,"column":2},"end":{"line":228,"column":7}},"loc":{"start":{"line":228,"column":33},"end":{"line":235,"column":3}}},"14":{"name":"(anonymous_18)","decl":{"start":{"line":237,"column":2},"end":{"line":237,"column":7}},"loc":{"start":{"line":237,"column":28},"end":{"line":243,"column":3}}},"15":{"name":"(anonymous_19)","decl":{"start":{"line":245,"column":2},"end":{"line":245,"column":7}},"loc":{"start":{"line":245,"column":56},"end":{"line":249,"column":3}}}},"branchMap":{"0":{"loc":{"start":{"line":36,"column":4},"end":{"line":40,"column":null}},"type":"if","locations":[{"start":{"line":36,"column":4},"end":{"line":40,"column":null}},{"start":{"line":38,"column":11},"end":{"line":40,"column":null}}]},"1":{"loc":{"start":{"line":180,"column":4},"end":{"line":182,"column":null}},"type":"if","locations":[{"start":{"line":180,"column":4},"end":{"line":182,"column":null}}]},"2":{"loc":{"start":{"line":231,"column":4},"end":{"line":234,"column":null}},"type":"if","locations":[{"start":{"line":231,"column":4},"end":{"line":234,"column":null}}]},"3":{"loc":{"start":{"line":231,"column":8},"end":{"line":231,"column":138}},"type":"binary-expr","locations":[{"start":{"line":231,"column":9},"end":{"line":231,"column":70}},{"start":{"line":231,"column":76},"end":{"line":231,"column":137}}]}},"s":{"0":1,"1":1,"2":1,"3":1,"4":1,"5":1,"6":1,"7":1,"8":0,"9":0,"10":0,"11":0,"12":0,"13":0,"14":0,"15":0,"16":0,"17":1,"18":1,"19":1,"20":1,"21":1,"22":1,"23":1,"24":1,"25":0,"26":0,"27":0,"28":0,"29":0,"30":0,"31":1,"32":1,"33":1,"34":1,"35":1,"36":1,"37":1,"38":1,"39":1,"40":1,"41":1,"42":1,"43":1,"44":1,"45":1,"46":1,"47":1,"48":1,"49":1,"50":0,"51":0,"52":0,"53":0,"54":0,"55":0,"56":0,"57":0,"58":0,"59":0,"60":0,"61":0,"62":0,"63":0,"64":0,"65":0,"66":0,"67":0,"68":0,"69":0,"70":0,"71":0,"72":0,"73":0,"74":0,"75":0,"76":0,"77":0,"78":0,"79":0,"80":0,"81":0,"82":0,"83":0,"84":0,"85":0,"86":0,"87":0,"88":0,"89":0,"90":0,"91":0,"92":0,"93":0,"94":0,"95":0,"96":0,"97":0,"98":0,"99":0,"100":1,"101":1},"f":{"0":0,"1":0,"2":0,"3":0,"4":0,"5":1,"6":0,"7":0,"8":1,"9":1,"10":0,"11":0,"12":0,"13":0,"14":0,"15":0},"b":{"0":[0,0],"1":[0],"2":[0],"3":[0,0]}}
,"/home/liox/jalasoft/jalasoft-bootcamp/JalaUniversity_Backend/final-project/src/core/domain/services/randomGeneratorService.ts": {"path":"/home/liox/jalasoft/jalasoft-bootcamp/JalaUniversity_Backend/final-project/src/core/domain/services/randomGeneratorService.ts","statementMap":{"0":{"start":{"line":1,"column":0},"end":{"line":1,"column":38}},"1":{"start":{"line":5,"column":7},"end":{"line":21,"column":null}},"2":{"start":{"line":7,"column":14},"end":{"line":7,"column":24}},"3":{"start":{"line":8,"column":14},"end":{"line":8,"column":25}},"4":{"start":{"line":9,"column":14},"end":{"line":9,"column":20}},"5":{"start":{"line":11,"column":4},"end":{"line":11,"column":null}},"6":{"start":{"line":12,"column":4},"end":{"line":12,"column":null}},"7":{"start":{"line":16,"column":22},"end":{"line":16,"column":39}},"8":{"start":{"line":17,"column":17},"end":{"line":17,"column":67}},"9":{"start":{"line":18,"column":17},"end":{"line":18,"column":69}},"10":{"start":{"line":19,"column":4},"end":{"line":19,"column":null}},"11":{"start":{"line":5,"column":13},"end":{"line":21,"column":null}},"12":{"start":{"line":5,"column":13},"end":{"line":5,"column":35}}},"fnMap":{"0":{"name":"(anonymous_1)","decl":{"start":{"line":6,"column":2},"end":{"line":6,"column":22}},"loc":{"start":{"line":6,"column":90},"end":{"line":13,"column":3}}},"1":{"name":"(anonymous_2)","decl":{"start":{"line":15,"column":2},"end":{"line":15,"column":24}},"loc":{"start":{"line":15,"column":53},"end":{"line":20,"column":3}}}},"branchMap":{},"s":{"0":4,"1":4,"2":10,"3":10,"4":10,"5":10,"6":10,"7":5,"8":5,"9":5,"10":5,"11":4,"12":4},"f":{"0":10,"1":5},"b":{}}
,"/home/liox/jalasoft/jalasoft-bootcamp/JalaUniversity_Backend/final-project/src/core/domain/services/snake.service.ts": {"path":"/home/liox/jalasoft/jalasoft-bootcamp/JalaUniversity_Backend/final-project/src/core/domain/services/snake.service.ts","statementMap":{"0":{"start":{"line":1,"column":0},"end":{"line":1,"column":46}},"1":{"start":{"line":3,"column":0},"end":{"line":3,"column":42}},"2":{"start":{"line":4,"column":0},"end":{"line":4,"column":54}},"3":{"start":{"line":7,"column":0},"end":{"line":7,"column":65}},"4":{"start":{"line":8,"column":0},"end":{"line":8,"column":54}},"5":{"start":{"line":9,"column":0},"end":{"line":9,"column":62}},"6":{"start":{"line":12,"column":7},"end":{"line":136,"column":null}},"7":{"start":{"line":23,"column":4},"end":{"line":23,"column":null}},"8":{"start":{"line":24,"column":4},"end":{"line":24,"column":null}},"9":{"start":{"line":25,"column":4},"end":{"line":25,"column":null}},"10":{"start":{"line":26,"column":4},"end":{"line":26,"column":null}},"11":{"start":{"line":30,"column":17},"end":{"line":30,"column":24}},"12":{"start":{"line":31,"column":18},"end":{"line":31,"column":76}},"13":{"start":{"line":32,"column":27},"end":{"line":32,"column":84}},"14":{"start":{"line":34,"column":31},"end":{"line":34,"column":74}},"15":{"start":{"line":36,"column":4},"end":{"line":36,"column":null}},"16":{"start":{"line":40,"column":4},"end":{"line":40,"column":null}},"17":{"start":{"line":44,"column":4},"end":{"line":44,"column":null}},"18":{"start":{"line":48,"column":31},"end":{"line":48,"column":64}},"19":{"start":{"line":49,"column":4},"end":{"line":49,"column":null}},"20":{"start":{"line":50,"column":4},"end":{"line":50,"column":null}},"21":{"start":{"line":54,"column":4},"end":{"line":54,"column":null}},"22":{"start":{"line":55,"column":4},"end":{"line":55,"column":null}},"23":{"start":{"line":59,"column":25},"end":{"line":59,"column":58}},"24":{"start":{"line":60,"column":18},"end":{"line":60,"column":76}},"25":{"start":{"line":61,"column":25},"end":{"line":61,"column":72}},"26":{"start":{"line":62,"column":4},"end":{"line":62,"column":null}},"27":{"start":{"line":64,"column":4},"end":{"line":64,"column":null}},"28":{"start":{"line":68,"column":27},"end":{"line":73,"column":null}},"29":{"start":{"line":74,"column":4},"end":{"line":74,"column":null}},"30":{"start":{"line":75,"column":4},"end":{"line":75,"column":null}},"31":{"start":{"line":76,"column":4},"end":{"line":76,"column":null}},"32":{"start":{"line":77,"column":4},"end":{"line":77,"column":null}},"33":{"start":{"line":78,"column":4},"end":{"line":78,"column":null}},"34":{"start":{"line":79,"column":4},"end":{"line":79,"column":null}},"35":{"start":{"line":80,"column":4},"end":{"line":80,"column":null}},"36":{"start":{"line":84,"column":20},"end":{"line":84,"column":53}},"37":{"start":{"line":85,"column":20},"end":{"line":85,"column":55}},"38":{"start":{"line":86,"column":22},"end":{"line":89,"column":null}},"39":{"start":{"line":90,"column":4},"end":{"line":90,"column":null}},"40":{"start":{"line":94,"column":25},"end":{"line":94,"column":58}},"41":{"start":{"line":95,"column":4},"end":{"line":95,"column":null}},"42":{"start":{"line":96,"column":4},"end":{"line":96,"column":null}},"43":{"start":{"line":100,"column":25},"end":{"line":100,"column":58}},"44":{"start":{"line":101,"column":27},"end":{"line":101,"column":75}},"45":{"start":{"line":102,"column":22},"end":{"line":102,"column":96}},"46":{"start":{"line":103,"column":4},"end":{"line":103,"column":null}},"47":{"start":{"line":107,"column":27},"end":{"line":107,"column":75}},"48":{"start":{"line":108,"column":4},"end":{"line":108,"column":null}},"49":{"start":{"line":112,"column":25},"end":{"line":112,"column":58}},"50":{"start":{"line":113,"column":26},"end":{"line":113,"column":74}},"51":{"start":{"line":114,"column":21},"end":{"line":122,"column":6}},"52":{"start":{"line":115,"column":6},"end":{"line":121,"column":null}},"53":{"start":{"line":116,"column":8},"end":{"line":116,"column":null}},"54":{"start":{"line":117,"column":8},"end":{"line":117,"column":null}},"55":{"start":{"line":119,"column":8},"end":{"line":119,"column":null}},"56":{"start":{"line":120,"column":8},"end":{"line":120,"column":null}},"57":{"start":{"line":123,"column":4},"end":{"line":123,"column":null}},"58":{"start":{"line":127,"column":25},"end":{"line":127,"column":58}},"59":{"start":{"line":128,"column":26},"end":{"line":128,"column":74}},"60":{"start":{"line":129,"column":24},"end":{"line":133,"column":6}},"61":{"start":{"line":130,"column":26},"end":{"line":130,"column":96}},"62":{"start":{"line":131,"column":26},"end":{"line":131,"column":96}},"63":{"start":{"line":132,"column":6},"end":{"line":132,"column":null}},"64":{"start":{"line":134,"column":4},"end":{"line":134,"column":null}},"65":{"start":{"line":12,"column":13},"end":{"line":136,"column":null}},"66":{"start":{"line":12,"column":13},"end":{"line":12,"column":25}}},"fnMap":{"0":{"name":"(anonymous_4)","decl":{"start":{"line":17,"column":2},"end":{"line":17,"column":null}},"loc":{"start":{"line":21,"column":81},"end":{"line":27,"column":3}}},"1":{"name":"(anonymous_5)","decl":{"start":{"line":29,"column":2},"end":{"line":29,"column":7}},"loc":{"start":{"line":29,"column":40},"end":{"line":37,"column":3}}},"2":{"name":"(anonymous_6)","decl":{"start":{"line":39,"column":2},"end":{"line":39,"column":7}},"loc":{"start":{"line":39,"column":38},"end":{"line":41,"column":3}}},"3":{"name":"(anonymous_7)","decl":{"start":{"line":43,"column":2},"end":{"line":43,"column":7}},"loc":{"start":{"line":43,"column":43},"end":{"line":45,"column":3}}},"4":{"name":"(anonymous_8)","decl":{"start":{"line":47,"column":2},"end":{"line":47,"column":7}},"loc":{"start":{"line":47,"column":72},"end":{"line":51,"column":3}}},"5":{"name":"(anonymous_9)","decl":{"start":{"line":53,"column":2},"end":{"line":53,"column":7}},"loc":{"start":{"line":53,"column":37},"end":{"line":56,"column":3}}},"6":{"name":"(anonymous_10)","decl":{"start":{"line":58,"column":2},"end":{"line":58,"column":7}},"loc":{"start":{"line":58,"column":38},"end":{"line":65,"column":3}}},"7":{"name":"(anonymous_11)","decl":{"start":{"line":67,"column":2},"end":{"line":67,"column":7}},"loc":{"start":{"line":67,"column":58},"end":{"line":81,"column":3}}},"8":{"name":"(anonymous_12)","decl":{"start":{"line":83,"column":2},"end":{"line":83,"column":7}},"loc":{"start":{"line":83,"column":34},"end":{"line":91,"column":3}}},"9":{"name":"(anonymous_13)","decl":{"start":{"line":93,"column":2},"end":{"line":93,"column":7}},"loc":{"start":{"line":93,"column":38},"end":{"line":97,"column":3}}},"10":{"name":"(anonymous_14)","decl":{"start":{"line":99,"column":2},"end":{"line":99,"column":7}},"loc":{"start":{"line":99,"column":40},"end":{"line":104,"column":3}}},"11":{"name":"(anonymous_15)","decl":{"start":{"line":106,"column":2},"end":{"line":106,"column":7}},"loc":{"start":{"line":106,"column":38},"end":{"line":109,"column":3}}},"12":{"name":"(anonymous_16)","decl":{"start":{"line":111,"column":2},"end":{"line":111,"column":7}},"loc":{"start":{"line":111,"column":38},"end":{"line":124,"column":3}}},"13":{"name":"(anonymous_17)","decl":{"start":{"line":114,"column":49},"end":{"line":114,"column":54}},"loc":{"start":{"line":114,"column":80},"end":{"line":122,"column":5}}},"14":{"name":"(anonymous_18)","decl":{"start":{"line":126,"column":2},"end":{"line":126,"column":7}},"loc":{"start":{"line":126,"column":41},"end":{"line":135,"column":3}}},"15":{"name":"(anonymous_19)","decl":{"start":{"line":129,"column":43},"end":{"line":129,"column":44}},"loc":{"start":{"line":129,"column":61},"end":{"line":133,"column":5}}}},"branchMap":{"0":{"loc":{"start":{"line":76,"column":32},"end":{"line":76,"column":100}},"type":"cond-expr","locations":[{"start":{"line":76,"column":71},"end":{"line":76,"column":72}},{"start":{"line":76,"column":75},"end":{"line":76,"column":100}}]},"1":{"loc":{"start":{"line":77,"column":32},"end":{"line":77,"column":100}},"type":"cond-expr","locations":[{"start":{"line":77,"column":71},"end":{"line":77,"column":72}},{"start":{"line":77,"column":75},"end":{"line":77,"column":100}}]},"2":{"loc":{"start":{"line":78,"column":32},"end":{"line":78,"column":105}},"type":"cond-expr","locations":[{"start":{"line":78,"column":67},"end":{"line":78,"column":76}},{"start":{"line":78,"column":80},"end":{"line":78,"column":105}}]},"3":{"loc":{"start":{"line":79,"column":32},"end":{"line":79,"column":105}},"type":"cond-expr","locations":[{"start":{"line":79,"column":67},"end":{"line":79,"column":76}},{"start":{"line":79,"column":80},"end":{"line":79,"column":105}}]},"4":{"loc":{"start":{"line":115,"column":6},"end":{"line":121,"column":null}},"type":"if","locations":[{"start":{"line":115,"column":6},"end":{"line":121,"column":null}},{"start":{"line":118,"column":13},"end":{"line":121,"column":null}}]},"5":{"loc":{"start":{"line":132,"column":14},"end":{"line":132,"column":40}},"type":"binary-expr","locations":[{"start":{"line":132,"column":14},"end":{"line":132,"column":25}},{"start":{"line":132,"column":29},"end":{"line":132,"column":40}}]}},"s":{"0":2,"1":2,"2":2,"3":2,"4":2,"5":2,"6":2,"7":2,"8":2,"9":2,"10":2,"11":1,"12":1,"13":1,"14":1,"15":1,"16":0,"17":0,"18":0,"19":0,"20":0,"21":0,"22":0,"23":0,"24":0,"25":0,"26":0,"27":0,"28":0,"29":0,"30":0,"31":0,"32":0,"33":0,"34":0,"35":0,"36":0,"37":0,"38":0,"39":0,"40":0,"41":0,"42":0,"43":0,"44":0,"45":0,"46":0,"47":0,"48":0,"49":0,"50":0,"51":0,"52":0,"53":0,"54":0,"55":0,"56":0,"57":0,"58":0,"59":0,"60":0,"61":0,"62":0,"63":0,"64":0,"65":2,"66":2},"f":{"0":2,"1":1,"2":0,"3":0,"4":0,"5":0,"6":0,"7":0,"8":0,"9":0,"10":0,"11":0,"12":0,"13":0,"14":0,"15":0},"b":{"0":[0,0],"1":[0,0],"2":[0,0],"3":[0,0],"4":[0,0],"5":[0,0]}}
,"/home/liox/jalasoft/jalasoft-bootcamp/JalaUniversity_Backend/final-project/src/enums/EDirection.ts": {"path":"/home/liox/jalasoft/jalasoft-bootcamp/JalaUniversity_Backend/final-project/src/enums/EDirection.ts","statementMap":{"0":{"start":{"line":1,"column":0},"end":{"line":1,"column":null}},"1":{"start":{"line":2,"column":2},"end":{"line":2,"column":null}},"2":{"start":{"line":3,"column":2},"end":{"line":3,"column":null}},"3":{"start":{"line":4,"column":2},"end":{"line":4,"column":null}},"4":{"start":{"line":5,"column":2},"end":{"line":5,"column":null}}},"fnMap":{"0":{"name":"(anonymous_0)","decl":{"start":{"line":1,"column":0},"end":{"line":1,"column":12}},"loc":{"start":{"line":1,"column":22},"end":{"line":6,"column":1}}}},"branchMap":{"0":{"loc":{"start":{"line":1,"column":12},"end":{"line":1,"column":null}},"type":"binary-expr","locations":[{"start":{"line":1,"column":12},"end":{"line":1,"column":22}},{"start":{"line":1,"column":12},"end":{"line":1,"column":null}}]}},"s":{"0":2,"1":2,"2":2,"3":2,"4":2},"f":{"0":2},"b":{"0":[2,2]}}
}
