{"/home/liox/jalasoft/jalasoft-bootcamp/JalaUniversity_Backend/final-project/src/type.core.ts": {"path":"/home/liox/jalasoft/jalasoft-bootcamp/JalaUniversity_Backend/final-project/src/type.core.ts","statementMap":{"0":{"start":{"line":1,"column":14},"end":{"line":24,"column":null}},"1":{"start":{"line":26,"column":9},"end":{"line":26,"column":14}}},"fnMap":{},"branchMap":{},"s":{"0":5,"1":5},"f":{},"b":{}}
,"/home/liox/jalasoft/jalasoft-bootcamp/JalaUniversity_Backend/final-project/src/core/domain/entities/board.entity.ts": {"path":"/home/liox/jalasoft/jalasoft-bootcamp/JalaUniversity_Backend/final-project/src/core/domain/entities/board.entity.ts","statementMap":{"0":{"start":{"line":6,"column":4},"end":{"line":6,"column":null}},"1":{"start":{"line":7,"column":4},"end":{"line":7,"column":null}},"2":{"start":{"line":1,"column":0},"end":{"line":1,"column":13}}},"fnMap":{"0":{"name":"(anonymous_0)","decl":{"start":{"line":5,"column":2},"end":{"line":5,"column":15}},"loc":{"start":{"line":5,"column":49},"end":{"line":8,"column":3}}}},"branchMap":{},"s":{"0":5,"1":5,"2":3},"f":{"0":5},"b":{}}
,"/home/liox/jalasoft/jalasoft-bootcamp/JalaUniversity_Backend/final-project/src/core/domain/entities/food.entity.ts": {"path":"/home/liox/jalasoft/jalasoft-bootcamp/JalaUniversity_Backend/final-project/src/core/domain/entities/food.entity.ts","statementMap":{"0":{"start":{"line":9,"column":4},"end":{"line":9,"column":null}},"1":{"start":{"line":10,"column":4},"end":{"line":10,"column":null}},"2":{"start":{"line":4,"column":0},"end":{"line":4,"column":13}}},"fnMap":{"0":{"name":"(anonymous_0)","decl":{"start":{"line":8,"column":2},"end":{"line":8,"column":15}},"loc":{"start":{"line":8,"column":54},"end":{"line":11,"column":3}}}},"branchMap":{},"s":{"0":1,"1":1,"2":2},"f":{"0":1},"b":{}}
,"/home/liox/jalasoft/jalasoft-bootcamp/JalaUniversity_Backend/final-project/src/core/domain/entities/snake.entity.ts": {"path":"/home/liox/jalasoft/jalasoft-bootcamp/JalaUniversity_Backend/final-project/src/core/domain/entities/snake.entity.ts","statementMap":{"0":{"start":{"line":1,"column":0},"end":{"line":1,"column":54}},"1":{"start":{"line":11,"column":4},"end":{"line":11,"column":null}},"2":{"start":{"line":12,"column":4},"end":{"line":12,"column":null}},"3":{"start":{"line":13,"column":4},"end":{"line":13,"column":null}},"4":{"start":{"line":14,"column":4},"end":{"line":14,"column":null}},"5":{"start":{"line":4,"column":0},"end":{"line":4,"column":13}}},"fnMap":{"0":{"name":"(anonymous_0)","decl":{"start":{"line":10,"column":2},"end":{"line":10,"column":15}},"loc":{"start":{"line":10,"column":79},"end":{"line":15,"column":3}}}},"branchMap":{},"s":{"0":2,"1":1,"2":1,"3":1,"4":1,"5":2},"f":{"0":1},"b":{}}
,"/home/liox/jalasoft/jalasoft-bootcamp/JalaUniversity_Backend/final-project/src/core/domain/entities/snakeBody.entity.ts": {"path":"/home/liox/jalasoft/jalasoft-bootcamp/JalaUniversity_Backend/final-project/src/core/domain/entities/snakeBody.entity.ts","statementMap":{"0":{"start":{"line":8,"column":4},"end":{"line":8,"column":null}},"1":{"start":{"line":9,"column":4},"end":{"line":9,"column":null}},"2":{"start":{"line":3,"column":0},"end":{"line":3,"column":13}}},"fnMap":{"0":{"name":"(anonymous_0)","decl":{"start":{"line":7,"column":2},"end":{"line":7,"column":15}},"loc":{"start":{"line":7,"column":67},"end":{"line":10,"column":3}}}},"branchMap":{},"s":{"0":0,"1":0,"2":2},"f":{"0":0},"b":{}}
,"/home/liox/jalasoft/jalasoft-bootcamp/JalaUniversity_Backend/final-project/src/core/domain/services/board.service.ts": {"path":"/home/liox/jalasoft/jalasoft-bootcamp/JalaUniversity_Backend/final-project/src/core/domain/services/board.service.ts","statementMap":{"0":{"start":{"line":1,"column":0},"end":{"line":1,"column":46}},"1":{"start":{"line":4,"column":0},"end":{"line":4,"column":42}},"2":{"start":{"line":7,"column":7},"end":{"line":24,"column":null}},"3":{"start":{"line":10,"column":4},"end":{"line":10,"column":null}},"4":{"start":{"line":14,"column":4},"end":{"line":14,"column":null}},"5":{"start":{"line":18,"column":4},"end":{"line":18,"column":null}},"6":{"start":{"line":22,"column":4},"end":{"line":22,"column":null}},"7":{"start":{"line":7,"column":13},"end":{"line":24,"column":null}},"8":{"start":{"line":7,"column":13},"end":{"line":7,"column":25}}},"fnMap":{"0":{"name":"(anonymous_4)","decl":{"start":{"line":9,"column":2},"end":{"line":9,"column":16}},"loc":{"start":{"line":9,"column":76},"end":{"line":11,"column":3}}},"1":{"name":"(anonymous_5)","decl":{"start":{"line":13,"column":2},"end":{"line":13,"column":7}},"loc":{"start":{"line":13,"column":39},"end":{"line":15,"column":3}}},"2":{"name":"(anonymous_6)","decl":{"start":{"line":17,"column":2},"end":{"line":17,"column":7}},"loc":{"start":{"line":17,"column":29},"end":{"line":19,"column":3}}},"3":{"name":"(anonymous_7)","decl":{"start":{"line":21,"column":2},"end":{"line":21,"column":7}},"loc":{"start":{"line":21,"column":39},"end":{"line":23,"column":3}}}},"branchMap":{},"s":{"0":1,"1":1,"2":1,"3":3,"4":1,"5":1,"6":1,"7":1,"8":1},"f":{"0":3,"1":1,"2":1,"3":1},"b":{}}
,"/home/liox/jalasoft/jalasoft-bootcamp/JalaUniversity_Backend/final-project/src/core/domain/services/food.service.ts": {"path":"/home/liox/jalasoft/jalasoft-bootcamp/JalaUniversity_Backend/final-project/src/core/domain/services/food.service.ts","statementMap":{"0":{"start":{"line":1,"column":0},"end":{"line":1,"column":46}},"1":{"start":{"line":4,"column":0},"end":{"line":4,"column":42}},"2":{"start":{"line":7,"column":7},"end":{"line":28,"column":null}},"3":{"start":{"line":10,"column":4},"end":{"line":10,"column":null}},"4":{"start":{"line":14,"column":4},"end":{"line":14,"column":null}},"5":{"start":{"line":18,"column":4},"end":{"line":18,"column":null}},"6":{"start":{"line":22,"column":4},"end":{"line":22,"column":null}},"7":{"start":{"line":26,"column":4},"end":{"line":26,"column":null}},"8":{"start":{"line":7,"column":13},"end":{"line":28,"column":null}},"9":{"start":{"line":7,"column":13},"end":{"line":7,"column":24}}},"fnMap":{"0":{"name":"(anonymous_4)","decl":{"start":{"line":9,"column":2},"end":{"line":9,"column":16}},"loc":{"start":{"line":9,"column":73},"end":{"line":11,"column":3}}},"1":{"name":"(anonymous_5)","decl":{"start":{"line":13,"column":2},"end":{"line":13,"column":7}},"loc":{"start":{"line":13,"column":36},"end":{"line":15,"column":3}}},"2":{"name":"(anonymous_6)","decl":{"start":{"line":17,"column":2},"end":{"line":17,"column":7}},"loc":{"start":{"line":17,"column":28},"end":{"line":19,"column":3}}},"3":{"name":"(anonymous_7)","decl":{"start":{"line":21,"column":2},"end":{"line":21,"column":7}},"loc":{"start":{"line":21,"column":36},"end":{"line":23,"column":3}}},"4":{"name":"(anonymous_8)","decl":{"start":{"line":25,"column":2},"end":{"line":25,"column":7}},"loc":{"start":{"line":25,"column":30},"end":{"line":27,"column":3}}}},"branchMap":{},"s":{"0":1,"1":1,"2":1,"3":1,"4":1,"5":0,"6":0,"7":0,"8":1,"9":1},"f":{"0":1,"1":1,"2":0,"3":0,"4":0},"b":{}}
,"/home/liox/jalasoft/jalasoft-bootcamp/JalaUniversity_Backend/final-project/src/core/domain/services/randomGeneratorService.ts": {"path":"/home/liox/jalasoft/jalasoft-bootcamp/JalaUniversity_Backend/final-project/src/core/domain/services/randomGeneratorService.ts","statementMap":{"0":{"start":{"line":1,"column":0},"end":{"line":1,"column":38}},"1":{"start":{"line":5,"column":7},"end":{"line":21,"column":null}},"2":{"start":{"line":7,"column":14},"end":{"line":7,"column":24}},"3":{"start":{"line":8,"column":14},"end":{"line":8,"column":25}},"4":{"start":{"line":9,"column":14},"end":{"line":9,"column":20}},"5":{"start":{"line":11,"column":4},"end":{"line":11,"column":null}},"6":{"start":{"line":12,"column":4},"end":{"line":12,"column":null}},"7":{"start":{"line":16,"column":22},"end":{"line":16,"column":39}},"8":{"start":{"line":17,"column":17},"end":{"line":17,"column":67}},"9":{"start":{"line":18,"column":17},"end":{"line":18,"column":69}},"10":{"start":{"line":19,"column":4},"end":{"line":19,"column":null}},"11":{"start":{"line":5,"column":13},"end":{"line":21,"column":null}},"12":{"start":{"line":5,"column":13},"end":{"line":5,"column":35}}},"fnMap":{"0":{"name":"(anonymous_1)","decl":{"start":{"line":6,"column":2},"end":{"line":6,"column":22}},"loc":{"start":{"line":6,"column":90},"end":{"line":13,"column":3}}},"1":{"name":"(anonymous_2)","decl":{"start":{"line":15,"column":2},"end":{"line":15,"column":24}},"loc":{"start":{"line":15,"column":53},"end":{"line":20,"column":3}}}},"branchMap":{},"s":{"0":4,"1":4,"2":8,"3":8,"4":8,"5":8,"6":8,"7":4,"8":4,"9":4,"10":4,"11":4,"12":4},"f":{"0":8,"1":4},"b":{}}
,"/home/liox/jalasoft/jalasoft-bootcamp/JalaUniversity_Backend/final-project/src/core/domain/services/score.service.ts": {"path":"/home/liox/jalasoft/jalasoft-bootcamp/JalaUniversity_Backend/final-project/src/core/domain/services/score.service.ts","statementMap":{"0":{"start":{"line":1,"column":0},"end":{"line":1,"column":46}},"1":{"start":{"line":2,"column":0},"end":{"line":2,"column":42}},"2":{"start":{"line":7,"column":0},"end":{"line":7,"column":46}},"3":{"start":{"line":8,"column":0},"end":{"line":8,"column":44}},"4":{"start":{"line":11,"column":7},"end":{"line":80,"column":null}},"5":{"start":{"line":20,"column":4},"end":{"line":20,"column":null}},"6":{"start":{"line":21,"column":4},"end":{"line":21,"column":null}},"7":{"start":{"line":22,"column":4},"end":{"line":22,"column":null}},"8":{"start":{"line":31,"column":4},"end":{"line":31,"column":null}},"9":{"start":{"line":32,"column":4},"end":{"line":32,"column":null}},"10":{"start":{"line":33,"column":25},"end":{"line":33,"column":65}},"11":{"start":{"line":34,"column":4},"end":{"line":34,"column":null}},"12":{"start":{"line":38,"column":25},"end":{"line":38,"column":81}},"13":{"start":{"line":39,"column":4},"end":{"line":39,"column":null}},"14":{"start":{"line":43,"column":24},"end":{"line":43,"column":64}},"15":{"start":{"line":44,"column":4},"end":{"line":44,"column":null}},"16":{"start":{"line":48,"column":18},"end":{"line":48,"column":67}},"17":{"start":{"line":49,"column":4},"end":{"line":49,"column":null}},"18":{"start":{"line":53,"column":22},"end":{"line":53,"column":72}},"19":{"start":{"line":55,"column":30},"end":{"line":59,"column":6}},"20":{"start":{"line":56,"column":27},"end":{"line":56,"column":69}},"21":{"start":{"line":57,"column":26},"end":{"line":57,"column":70}},"22":{"start":{"line":58,"column":6},"end":{"line":58,"column":null}},"23":{"start":{"line":61,"column":33},"end":{"line":61,"column":69}},"24":{"start":{"line":63,"column":4},"end":{"line":63,"column":null}},"25":{"start":{"line":67,"column":24},"end":{"line":67,"column":69}},"26":{"start":{"line":68,"column":4},"end":{"line":68,"column":null}},"27":{"start":{"line":72,"column":24},"end":{"line":72,"column":84}},"28":{"start":{"line":73,"column":4},"end":{"line":73,"column":null}},"29":{"start":{"line":77,"column":18},"end":{"line":77,"column":61}},"30":{"start":{"line":78,"column":4},"end":{"line":78,"column":null}},"31":{"start":{"line":11,"column":13},"end":{"line":80,"column":null}},"32":{"start":{"line":11,"column":13},"end":{"line":11,"column":25}}},"fnMap":{"0":{"name":"(anonymous_4)","decl":{"start":{"line":15,"column":2},"end":{"line":15,"column":null}},"loc":{"start":{"line":18,"column":69},"end":{"line":23,"column":3}}},"1":{"name":"(anonymous_5)","decl":{"start":{"line":25,"column":2},"end":{"line":25,"column":7}},"loc":{"start":{"line":25,"column":39},"end":{"line":35,"column":3}}},"2":{"name":"(anonymous_6)","decl":{"start":{"line":37,"column":2},"end":{"line":37,"column":7}},"loc":{"start":{"line":37,"column":51},"end":{"line":40,"column":3}}},"3":{"name":"(anonymous_7)","decl":{"start":{"line":42,"column":2},"end":{"line":42,"column":7}},"loc":{"start":{"line":42,"column":36},"end":{"line":45,"column":3}}},"4":{"name":"(anonymous_8)","decl":{"start":{"line":47,"column":2},"end":{"line":47,"column":7}},"loc":{"start":{"line":47,"column":61},"end":{"line":50,"column":3}}},"5":{"name":"(anonymous_9)","decl":{"start":{"line":52,"column":2},"end":{"line":52,"column":7}},"loc":{"start":{"line":52,"column":62},"end":{"line":64,"column":3}}},"6":{"name":"(anonymous_10)","decl":{"start":{"line":55,"column":44},"end":{"line":55,"column":49}},"loc":{"start":{"line":55,"column":60},"end":{"line":59,"column":5}}},"7":{"name":"(anonymous_11)","decl":{"start":{"line":66,"column":2},"end":{"line":66,"column":7}},"loc":{"start":{"line":66,"column":41},"end":{"line":69,"column":3}}},"8":{"name":"(anonymous_12)","decl":{"start":{"line":71,"column":2},"end":{"line":71,"column":7}},"loc":{"start":{"line":71,"column":40},"end":{"line":74,"column":3}}},"9":{"name":"(anonymous_13)","decl":{"start":{"line":76,"column":2},"end":{"line":76,"column":7}},"loc":{"start":{"line":76,"column":45},"end":{"line":79,"column":3}}}},"branchMap":{},"s":{"0":1,"1":1,"2":1,"3":1,"4":1,"5":0,"6":0,"7":0,"8":0,"9":0,"10":0,"11":0,"12":0,"13":0,"14":0,"15":0,"16":0,"17":0,"18":0,"19":0,"20":0,"21":0,"22":0,"23":0,"24":0,"25":0,"26":0,"27":0,"28":0,"29":0,"30":0,"31":1,"32":1},"f":{"0":0,"1":0,"2":0,"3":0,"4":0,"5":0,"6":0,"7":0,"8":0,"9":0},"b":{}}
,"/home/liox/jalasoft/jalasoft-bootcamp/JalaUniversity_Backend/final-project/src/core/domain/services/snake.service.ts": {"path":"/home/liox/jalasoft/jalasoft-bootcamp/JalaUniversity_Backend/final-project/src/core/domain/services/snake.service.ts","statementMap":{"0":{"start":{"line":1,"column":0},"end":{"line":1,"column":46}},"1":{"start":{"line":3,"column":0},"end":{"line":3,"column":42}},"2":{"start":{"line":4,"column":0},"end":{"line":4,"column":54}},"3":{"start":{"line":6,"column":0},"end":{"line":6,"column":65}},"4":{"start":{"line":7,"column":0},"end":{"line":7,"column":54}},"5":{"start":{"line":8,"column":0},"end":{"line":8,"column":62}},"6":{"start":{"line":11,"column":7},"end":{"line":147,"column":null}},"7":{"start":{"line":20,"column":4},"end":{"line":20,"column":null}},"8":{"start":{"line":21,"column":4},"end":{"line":21,"column":null}},"9":{"start":{"line":22,"column":4},"end":{"line":22,"column":null}},"10":{"start":{"line":26,"column":17},"end":{"line":26,"column":24}},"11":{"start":{"line":27,"column":27},"end":{"line":27,"column":84}},"12":{"start":{"line":29,"column":31},"end":{"line":29,"column":74}},"13":{"start":{"line":31,"column":4},"end":{"line":31,"column":null}},"14":{"start":{"line":35,"column":4},"end":{"line":35,"column":null}},"15":{"start":{"line":39,"column":4},"end":{"line":39,"column":null}},"16":{"start":{"line":40,"column":4},"end":{"line":40,"column":null}},"17":{"start":{"line":44,"column":28},"end":{"line":44,"column":72}},"18":{"start":{"line":45,"column":28},"end":{"line":45,"column":76}},"19":{"start":{"line":46,"column":4},"end":{"line":51,"column":null}},"20":{"start":{"line":55,"column":4},"end":{"line":55,"column":null}},"21":{"start":{"line":59,"column":31},"end":{"line":59,"column":64}},"22":{"start":{"line":60,"column":4},"end":{"line":60,"column":null}},"23":{"start":{"line":61,"column":4},"end":{"line":61,"column":null}},"24":{"start":{"line":65,"column":4},"end":{"line":65,"column":null}},"25":{"start":{"line":66,"column":4},"end":{"line":66,"column":null}},"26":{"start":{"line":70,"column":25},"end":{"line":70,"column":58}},"27":{"start":{"line":72,"column":25},"end":{"line":72,"column":72}},"28":{"start":{"line":73,"column":4},"end":{"line":73,"column":null}},"29":{"start":{"line":75,"column":4},"end":{"line":75,"column":null}},"30":{"start":{"line":79,"column":27},"end":{"line":84,"column":null}},"31":{"start":{"line":85,"column":4},"end":{"line":85,"column":null}},"32":{"start":{"line":86,"column":4},"end":{"line":86,"column":null}},"33":{"start":{"line":87,"column":4},"end":{"line":87,"column":null}},"34":{"start":{"line":88,"column":4},"end":{"line":88,"column":null}},"35":{"start":{"line":89,"column":4},"end":{"line":89,"column":null}},"36":{"start":{"line":90,"column":4},"end":{"line":90,"column":null}},"37":{"start":{"line":91,"column":4},"end":{"line":91,"column":null}},"38":{"start":{"line":95,"column":20},"end":{"line":95,"column":53}},"39":{"start":{"line":96,"column":20},"end":{"line":96,"column":55}},"40":{"start":{"line":97,"column":22},"end":{"line":100,"column":null}},"41":{"start":{"line":101,"column":4},"end":{"line":101,"column":null}},"42":{"start":{"line":105,"column":25},"end":{"line":105,"column":58}},"43":{"start":{"line":106,"column":4},"end":{"line":106,"column":null}},"44":{"start":{"line":107,"column":4},"end":{"line":107,"column":null}},"45":{"start":{"line":111,"column":25},"end":{"line":111,"column":58}},"46":{"start":{"line":112,"column":27},"end":{"line":112,"column":75}},"47":{"start":{"line":113,"column":22},"end":{"line":113,"column":96}},"48":{"start":{"line":114,"column":4},"end":{"line":114,"column":null}},"49":{"start":{"line":118,"column":27},"end":{"line":118,"column":75}},"50":{"start":{"line":119,"column":4},"end":{"line":119,"column":null}},"51":{"start":{"line":123,"column":25},"end":{"line":123,"column":58}},"52":{"start":{"line":124,"column":26},"end":{"line":124,"column":74}},"53":{"start":{"line":125,"column":21},"end":{"line":133,"column":6}},"54":{"start":{"line":126,"column":6},"end":{"line":132,"column":null}},"55":{"start":{"line":127,"column":8},"end":{"line":127,"column":null}},"56":{"start":{"line":128,"column":8},"end":{"line":128,"column":null}},"57":{"start":{"line":130,"column":8},"end":{"line":130,"column":null}},"58":{"start":{"line":131,"column":8},"end":{"line":131,"column":null}},"59":{"start":{"line":134,"column":4},"end":{"line":134,"column":null}},"60":{"start":{"line":138,"column":25},"end":{"line":138,"column":58}},"61":{"start":{"line":139,"column":26},"end":{"line":139,"column":74}},"62":{"start":{"line":140,"column":24},"end":{"line":144,"column":6}},"63":{"start":{"line":141,"column":26},"end":{"line":141,"column":96}},"64":{"start":{"line":142,"column":26},"end":{"line":142,"column":96}},"65":{"start":{"line":143,"column":6},"end":{"line":143,"column":null}},"66":{"start":{"line":145,"column":4},"end":{"line":145,"column":null}},"67":{"start":{"line":11,"column":13},"end":{"line":147,"column":null}},"68":{"start":{"line":11,"column":13},"end":{"line":11,"column":25}}},"fnMap":{"0":{"name":"(anonymous_4)","decl":{"start":{"line":15,"column":2},"end":{"line":15,"column":null}},"loc":{"start":{"line":18,"column":81},"end":{"line":23,"column":3}}},"1":{"name":"(anonymous_5)","decl":{"start":{"line":25,"column":2},"end":{"line":25,"column":7}},"loc":{"start":{"line":25,"column":55},"end":{"line":32,"column":3}}},"2":{"name":"(anonymous_6)","decl":{"start":{"line":34,"column":2},"end":{"line":34,"column":7}},"loc":{"start":{"line":34,"column":38},"end":{"line":36,"column":3}}},"3":{"name":"(anonymous_7)","decl":{"start":{"line":38,"column":2},"end":{"line":38,"column":7}},"loc":{"start":{"line":38,"column":33},"end":{"line":41,"column":3}}},"4":{"name":"(anonymous_8)","decl":{"start":{"line":43,"column":2},"end":{"line":43,"column":7}},"loc":{"start":{"line":43,"column":36},"end":{"line":52,"column":3}}},"5":{"name":"(anonymous_9)","decl":{"start":{"line":54,"column":2},"end":{"line":54,"column":7}},"loc":{"start":{"line":54,"column":43},"end":{"line":56,"column":3}}},"6":{"name":"(anonymous_10)","decl":{"start":{"line":58,"column":2},"end":{"line":58,"column":7}},"loc":{"start":{"line":58,"column":72},"end":{"line":62,"column":3}}},"7":{"name":"(anonymous_11)","decl":{"start":{"line":64,"column":2},"end":{"line":64,"column":7}},"loc":{"start":{"line":64,"column":54},"end":{"line":67,"column":3}}},"8":{"name":"(anonymous_12)","decl":{"start":{"line":69,"column":2},"end":{"line":69,"column":7}},"loc":{"start":{"line":69,"column":53},"end":{"line":76,"column":3}}},"9":{"name":"(anonymous_13)","decl":{"start":{"line":78,"column":2},"end":{"line":78,"column":7}},"loc":{"start":{"line":78,"column":58},"end":{"line":92,"column":3}}},"10":{"name":"(anonymous_14)","decl":{"start":{"line":94,"column":2},"end":{"line":94,"column":7}},"loc":{"start":{"line":94,"column":34},"end":{"line":102,"column":3}}},"11":{"name":"(anonymous_15)","decl":{"start":{"line":104,"column":2},"end":{"line":104,"column":7}},"loc":{"start":{"line":104,"column":38},"end":{"line":108,"column":3}}},"12":{"name":"(anonymous_16)","decl":{"start":{"line":110,"column":2},"end":{"line":110,"column":7}},"loc":{"start":{"line":110,"column":40},"end":{"line":115,"column":3}}},"13":{"name":"(anonymous_17)","decl":{"start":{"line":117,"column":2},"end":{"line":117,"column":7}},"loc":{"start":{"line":117,"column":38},"end":{"line":120,"column":3}}},"14":{"name":"(anonymous_18)","decl":{"start":{"line":122,"column":2},"end":{"line":122,"column":7}},"loc":{"start":{"line":122,"column":38},"end":{"line":135,"column":3}}},"15":{"name":"(anonymous_19)","decl":{"start":{"line":125,"column":49},"end":{"line":125,"column":54}},"loc":{"start":{"line":125,"column":80},"end":{"line":133,"column":5}}},"16":{"name":"(anonymous_20)","decl":{"start":{"line":137,"column":2},"end":{"line":137,"column":7}},"loc":{"start":{"line":137,"column":41},"end":{"line":146,"column":3}}},"17":{"name":"(anonymous_21)","decl":{"start":{"line":140,"column":43},"end":{"line":140,"column":44}},"loc":{"start":{"line":140,"column":61},"end":{"line":144,"column":5}}}},"branchMap":{"0":{"loc":{"start":{"line":87,"column":32},"end":{"line":87,"column":100}},"type":"cond-expr","locations":[{"start":{"line":87,"column":71},"end":{"line":87,"column":72}},{"start":{"line":87,"column":75},"end":{"line":87,"column":100}}]},"1":{"loc":{"start":{"line":88,"column":32},"end":{"line":88,"column":100}},"type":"cond-expr","locations":[{"start":{"line":88,"column":71},"end":{"line":88,"column":72}},{"start":{"line":88,"column":75},"end":{"line":88,"column":100}}]},"2":{"loc":{"start":{"line":89,"column":32},"end":{"line":89,"column":105}},"type":"cond-expr","locations":[{"start":{"line":89,"column":67},"end":{"line":89,"column":76}},{"start":{"line":89,"column":80},"end":{"line":89,"column":105}}]},"3":{"loc":{"start":{"line":90,"column":32},"end":{"line":90,"column":105}},"type":"cond-expr","locations":[{"start":{"line":90,"column":67},"end":{"line":90,"column":76}},{"start":{"line":90,"column":80},"end":{"line":90,"column":105}}]},"4":{"loc":{"start":{"line":126,"column":6},"end":{"line":132,"column":null}},"type":"if","locations":[{"start":{"line":126,"column":6},"end":{"line":132,"column":null}},{"start":{"line":129,"column":13},"end":{"line":132,"column":null}}]},"5":{"loc":{"start":{"line":143,"column":14},"end":{"line":143,"column":40}},"type":"binary-expr","locations":[{"start":{"line":143,"column":14},"end":{"line":143,"column":25}},{"start":{"line":143,"column":29},"end":{"line":143,"column":40}}]}},"s":{"0":2,"1":2,"2":2,"3":2,"4":2,"5":2,"6":2,"7":1,"8":1,"9":1,"10":1,"11":1,"12":1,"13":1,"14":0,"15":0,"16":0,"17":0,"18":0,"19":0,"20":0,"21":0,"22":0,"23":0,"24":0,"25":0,"26":0,"27":0,"28":0,"29":0,"30":0,"31":0,"32":0,"33":0,"34":0,"35":0,"36":0,"37":0,"38":0,"39":0,"40":0,"41":0,"42":0,"43":0,"44":0,"45":0,"46":0,"47":0,"48":0,"49":0,"50":0,"51":0,"52":0,"53":0,"54":0,"55":0,"56":0,"57":0,"58":0,"59":0,"60":0,"61":0,"62":0,"63":0,"64":0,"65":0,"66":0,"67":2,"68":2},"f":{"0":1,"1":1,"2":0,"3":0,"4":0,"5":0,"6":0,"7":0,"8":0,"9":0,"10":0,"11":0,"12":0,"13":0,"14":0,"15":0,"16":0,"17":0},"b":{"0":[0,0],"1":[0,0],"2":[0,0],"3":[0,0],"4":[0,0],"5":[0,0]}}
,"/home/liox/jalasoft/jalasoft-bootcamp/JalaUniversity_Backend/final-project/src/core/domain/services/user.service.ts": {"path":"/home/liox/jalasoft/jalasoft-bootcamp/JalaUniversity_Backend/final-project/src/core/domain/services/user.service.ts","statementMap":{"0":{"start":{"line":1,"column":0},"end":{"line":1,"column":46}},"1":{"start":{"line":2,"column":0},"end":{"line":2,"column":42}},"2":{"start":{"line":7,"column":7},"end":{"line":35,"column":null}},"3":{"start":{"line":13,"column":4},"end":{"line":13,"column":null}},"4":{"start":{"line":17,"column":24},"end":{"line":17,"column":62}},"5":{"start":{"line":18,"column":4},"end":{"line":18,"column":null}},"6":{"start":{"line":22,"column":17},"end":{"line":22,"column":64}},"7":{"start":{"line":23,"column":4},"end":{"line":23,"column":null}},"8":{"start":{"line":27,"column":21},"end":{"line":27,"column":69}},"9":{"start":{"line":28,"column":4},"end":{"line":28,"column":null}},"10":{"start":{"line":32,"column":17},"end":{"line":32,"column":58}},"11":{"start":{"line":33,"column":4},"end":{"line":33,"column":null}},"12":{"start":{"line":7,"column":13},"end":{"line":35,"column":null}},"13":{"start":{"line":7,"column":13},"end":{"line":7,"column":24}}},"fnMap":{"0":{"name":"(anonymous_4)","decl":{"start":{"line":10,"column":2},"end":{"line":10,"column":null}},"loc":{"start":{"line":11,"column":66},"end":{"line":14,"column":3}}},"1":{"name":"(anonymous_5)","decl":{"start":{"line":16,"column":2},"end":{"line":16,"column":7}},"loc":{"start":{"line":16,"column":37},"end":{"line":19,"column":3}}},"2":{"name":"(anonymous_6)","decl":{"start":{"line":21,"column":2},"end":{"line":21,"column":7}},"loc":{"start":{"line":21,"column":59},"end":{"line":24,"column":3}}},"3":{"name":"(anonymous_7)","decl":{"start":{"line":26,"column":2},"end":{"line":26,"column":7}},"loc":{"start":{"line":26,"column":60},"end":{"line":29,"column":3}}},"4":{"name":"(anonymous_8)","decl":{"start":{"line":31,"column":2},"end":{"line":31,"column":7}},"loc":{"start":{"line":31,"column":43},"end":{"line":34,"column":3}}}},"branchMap":{},"s":{"0":1,"1":1,"2":1,"3":0,"4":0,"5":0,"6":0,"7":0,"8":0,"9":0,"10":0,"11":0,"12":1,"13":1},"f":{"0":0,"1":0,"2":0,"3":0,"4":0},"b":{}}
,"/home/liox/jalasoft/jalasoft-bootcamp/JalaUniversity_Backend/final-project/src/enums/EDirection.ts": {"path":"/home/liox/jalasoft/jalasoft-bootcamp/JalaUniversity_Backend/final-project/src/enums/EDirection.ts","statementMap":{"0":{"start":{"line":1,"column":0},"end":{"line":1,"column":null}},"1":{"start":{"line":2,"column":2},"end":{"line":2,"column":null}},"2":{"start":{"line":3,"column":2},"end":{"line":3,"column":null}},"3":{"start":{"line":4,"column":2},"end":{"line":4,"column":null}},"4":{"start":{"line":5,"column":2},"end":{"line":5,"column":null}}},"fnMap":{"0":{"name":"(anonymous_0)","decl":{"start":{"line":1,"column":0},"end":{"line":1,"column":12}},"loc":{"start":{"line":1,"column":22},"end":{"line":6,"column":1}}}},"branchMap":{"0":{"loc":{"start":{"line":1,"column":12},"end":{"line":1,"column":null}},"type":"binary-expr","locations":[{"start":{"line":1,"column":12},"end":{"line":1,"column":22}},{"start":{"line":1,"column":12},"end":{"line":1,"column":null}}]}},"s":{"0":2,"1":2,"2":2,"3":2,"4":2},"f":{"0":2},"b":{"0":[2,2]}}
}
