TN:
SF:src/type.core.ts
FNF:0
FNH:0
DA:1,1
DA:19,1
LF:2
LH:2
BRF:0
BRH:0
end_of_record
TN:
SF:src/core/domain/entities/board.entity.ts
FN:5,(anonymous_0)
FNF:1
FNH:1
FNDA:5,(anonymous_0)
DA:1,1
DA:6,5
DA:7,5
LF:3
LH:3
BRF:0
BRH:0
end_of_record
TN:
SF:src/core/domain/services/board.service.ts
FN:9,(anonymous_4)
FN:13,(anonymous_5)
FN:17,(anonymous_6)
FN:21,(anonymous_7)
FNF:4
FNH:4
FNDA:5,(anonymous_4)
FNDA:1,(anonymous_5)
FNDA:1,(anonymous_6)
FNDA:1,(anonymous_7)
DA:1,1
DA:4,1
DA:7,1
DA:10,5
DA:14,1
DA:18,1
DA:22,1
LF:7
LH:7
BRF:0
BRH:0
end_of_record
TN:
SF:src/core/domain/services/randomGeneratorService.ts
FN:6,(anonymous_1)
FN:15,(anonymous_2)
FNF:2
FNH:2
FNDA:6,(anonymous_1)
FNDA:3,(anonymous_2)
DA:1,1
DA:5,1
DA:7,6
DA:8,6
DA:9,6
DA:11,6
DA:12,6
DA:16,3
DA:17,3
DA:18,3
DA:19,3
LF:11
LH:11
BRF:0
BRH:0
end_of_record
