<?xml version="1.0" encoding="UTF-8"?>
<coverage generated="1669977319978" clover="3.2.0">
  <project timestamp="1669977319979" name="All files">
    <metrics statements="36" coveredstatements="33" conditionals="15" coveredconditionals="12" methods="7" coveredmethods="6" elements="58" coveredelements="51" complexity="0" loc="36" ncloc="36" packages="1" files="4" classes="4"/>
    <file name="king.ts" path="/home/liox/jalasoft/jalasoft-bootcamp/backend_1/05-chess-game-unit-test-jest/src/king.ts">
      <metrics statements="13" coveredstatements="12" conditionals="9" coveredconditionals="7" methods="1" coveredmethods="1"/>
      <line num="1" count="1" type="stmt"/>
      <line num="4" count="1" type="stmt"/>
      <line num="6" count="4" type="stmt"/>
      <line num="7" count="4" type="stmt"/>
      <line num="8" count="4" type="stmt"/>
      <line num="9" count="4" type="stmt"/>
      <line num="11" count="4" type="cond" truecount="3" falsecount="0"/>
      <line num="12" count="1" type="stmt"/>
      <line num="15" count="3" type="cond" truecount="3" falsecount="0"/>
      <line num="16" count="1" type="stmt"/>
      <line num="19" count="2" type="cond" truecount="1" falsecount="2"/>
      <line num="20" count="0" type="stmt"/>
      <line num="23" count="2" type="stmt"/>
    </file>
    <file name="piece.ts" path="/home/liox/jalasoft/jalasoft-bootcamp/backend_1/05-chess-game-unit-test-jest/src/piece.ts">
      <metrics statements="5" coveredstatements="4" conditionals="0" coveredconditionals="0" methods="2" coveredmethods="1"/>
      <line num="1" count="2" type="stmt"/>
      <line num="4" count="2" type="stmt"/>
      <line num="7" count="9" type="stmt"/>
      <line num="8" count="9" type="stmt"/>
      <line num="12" count="0" type="stmt"/>
    </file>
    <file name="position.ts" path="/home/liox/jalasoft/jalasoft-bootcamp/backend_1/05-chess-game-unit-test-jest/src/position.ts">
      <metrics statements="7" coveredstatements="7" conditionals="0" coveredconditionals="0" methods="3" coveredmethods="3"/>
      <line num="3" count="2" type="stmt"/>
      <line num="4" count="21" type="stmt"/>
      <line num="5" count="21" type="stmt"/>
      <line num="6" count="21" type="stmt"/>
      <line num="11" count="60" type="stmt"/>
      <line num="14" count="60" type="stmt"/>
      <line num="17" count="44" type="stmt"/>
    </file>
    <file name="queen.ts" path="/home/liox/jalasoft/jalasoft-bootcamp/backend_1/05-chess-game-unit-test-jest/src/queen.ts">
      <metrics statements="11" coveredstatements="10" conditionals="6" coveredconditionals="5" methods="1" coveredmethods="1"/>
      <line num="1" count="1" type="stmt"/>
      <line num="4" count="1" type="stmt"/>
      <line num="6" count="8" type="cond" truecount="2" falsecount="1"/>
      <line num="7" count="0" type="stmt"/>
      <line num="10" count="8" type="cond" truecount="1" falsecount="0"/>
      <line num="11" count="1" type="stmt"/>
      <line num="14" count="7" type="cond" truecount="1" falsecount="0"/>
      <line num="15" count="1" type="stmt"/>
      <line num="18" count="6" type="cond" truecount="1" falsecount="0"/>
      <line num="19" count="2" type="stmt"/>
      <line num="22" count="4" type="stmt"/>
    </file>
  </project>
</coverage>
