<?xml version="1.0" encoding="UTF-8"?>
<coverage generated="1670014178978" clover="3.2.0">
  <project timestamp="1670014178979" name="All files">
    <metrics statements="42" coveredstatements="42" conditionals="19" coveredconditionals="19" methods="7" coveredmethods="7" elements="68" coveredelements="68" complexity="0" loc="42" ncloc="42" packages="1" files="5" classes="5"/>
    <file name="bishop.ts" path="/home/liox/jalasoft/jalasoft-bootcamp/backend_1/05-chess-game-unit-test-jest/src/bishop.ts">
      <metrics statements="7" coveredstatements="7" conditionals="4" coveredconditionals="4" methods="1" coveredmethods="1"/>
      <line num="1" count="1" type="stmt"/>
      <line num="4" count="1" type="stmt"/>
      <line num="6" count="9" type="cond" truecount="3" falsecount="0"/>
      <line num="7" count="1" type="stmt"/>
      <line num="10" count="8" type="cond" truecount="1" falsecount="0"/>
      <line num="11" count="2" type="stmt"/>
      <line num="14" count="6" type="stmt"/>
    </file>
    <file name="king.ts" path="/home/liox/jalasoft/jalasoft-bootcamp/backend_1/05-chess-game-unit-test-jest/src/king.ts">
      <metrics statements="13" coveredstatements="13" conditionals="9" coveredconditionals="9" methods="1" coveredmethods="1"/>
      <line num="1" count="1" type="stmt"/>
      <line num="4" count="1" type="stmt"/>
      <line num="6" count="5" type="stmt"/>
      <line num="7" count="5" type="stmt"/>
      <line num="9" count="5" type="stmt"/>
      <line num="10" count="5" type="stmt"/>
      <line num="12" count="5" type="cond" truecount="3" falsecount="0"/>
      <line num="13" count="1" type="stmt"/>
      <line num="16" count="4" type="cond" truecount="3" falsecount="0"/>
      <line num="17" count="1" type="stmt"/>
      <line num="20" count="3" type="cond" truecount="3" falsecount="0"/>
      <line num="21" count="1" type="stmt"/>
      <line num="24" count="2" type="stmt"/>
    </file>
    <file name="piece.ts" path="/home/liox/jalasoft/jalasoft-bootcamp/backend_1/05-chess-game-unit-test-jest/src/piece.ts">
      <metrics statements="4" coveredstatements="4" conditionals="0" coveredconditionals="0" methods="1" coveredmethods="1"/>
      <line num="1" count="3" type="stmt"/>
      <line num="4" count="3" type="stmt"/>
      <line num="7" count="17" type="stmt"/>
      <line num="8" count="17" type="stmt"/>
    </file>
    <file name="position.ts" path="/home/liox/jalasoft/jalasoft-bootcamp/backend_1/05-chess-game-unit-test-jest/src/position.ts">
      <metrics statements="7" coveredstatements="7" conditionals="0" coveredconditionals="0" methods="3" coveredmethods="3"/>
      <line num="3" count="3" type="stmt"/>
      <line num="4" count="40" type="stmt"/>
      <line num="5" count="40" type="stmt"/>
      <line num="6" count="40" type="stmt"/>
      <line num="11" count="100" type="stmt"/>
      <line num="14" count="100" type="stmt"/>
      <line num="17" count="72" type="stmt"/>
    </file>
    <file name="queen.ts" path="/home/liox/jalasoft/jalasoft-bootcamp/backend_1/05-chess-game-unit-test-jest/src/queen.ts">
      <metrics statements="11" coveredstatements="11" conditionals="6" coveredconditionals="6" methods="1" coveredmethods="1"/>
      <line num="1" count="1" type="stmt"/>
      <line num="4" count="1" type="stmt"/>
      <line num="6" count="9" type="cond" truecount="3" falsecount="0"/>
      <line num="7" count="1" type="stmt"/>
      <line num="10" count="8" type="cond" truecount="1" falsecount="0"/>
      <line num="11" count="1" type="stmt"/>
      <line num="14" count="7" type="cond" truecount="1" falsecount="0"/>
      <line num="15" count="1" type="stmt"/>
      <line num="18" count="6" type="cond" truecount="1" falsecount="0"/>
      <line num="19" count="2" type="stmt"/>
      <line num="22" count="4" type="stmt"/>
    </file>
  </project>
</coverage>
