{"/home/liox/jalasoft/jalasoft-bootcamp/backend_1/05-chess-game-unit-test-jest/src/bishop.ts": {"path":"/home/liox/jalasoft/jalasoft-bootcamp/backend_1/05-chess-game-unit-test-jest/src/bishop.ts","statementMap":{"0":{"start":{"line":1,"column":0},"end":{"line":1,"column":27}},"1":{"start":{"line":6,"column":4},"end":{"line":8,"column":null}},"2":{"start":{"line":7,"column":6},"end":{"line":7,"column":null}},"3":{"start":{"line":10,"column":4},"end":{"line":12,"column":null}},"4":{"start":{"line":11,"column":6},"end":{"line":11,"column":null}},"5":{"start":{"line":14,"column":4},"end":{"line":14,"column":null}},"6":{"start":{"line":4,"column":0},"end":{"line":4,"column":21}}},"fnMap":{"0":{"name":"(anonymous_1)","decl":{"start":{"line":5,"column":2},"end":{"line":5,"column":11}},"loc":{"start":{"line":5,"column":31},"end":{"line":15,"column":3}}}},"branchMap":{"0":{"loc":{"start":{"line":6,"column":4},"end":{"line":8,"column":null}},"type":"if","locations":[{"start":{"line":6,"column":4},"end":{"line":8,"column":null}}]},"1":{"loc":{"start":{"line":6,"column":8},"end":{"line":6,"column":104}},"type":"binary-expr","locations":[{"start":{"line":6,"column":8},"end":{"line":6,"column":54}},{"start":{"line":6,"column":58},"end":{"line":6,"column":104}}]},"2":{"loc":{"start":{"line":10,"column":4},"end":{"line":12,"column":null}},"type":"if","locations":[{"start":{"line":10,"column":4},"end":{"line":12,"column":null}}]}},"s":{"0":1,"1":9,"2":1,"3":8,"4":2,"5":6,"6":1},"f":{"0":9},"b":{"0":[1],"1":[9,3],"2":[2]}}
,"/home/liox/jalasoft/jalasoft-bootcamp/backend_1/05-chess-game-unit-test-jest/src/king.ts": {"path":"/home/liox/jalasoft/jalasoft-bootcamp/backend_1/05-chess-game-unit-test-jest/src/king.ts","statementMap":{"0":{"start":{"line":1,"column":0},"end":{"line":1,"column":27}},"1":{"start":{"line":6,"column":30},"end":{"line":6,"column":76}},"2":{"start":{"line":7,"column":36},"end":{"line":7,"column":96}},"3":{"start":{"line":9,"column":30},"end":{"line":9,"column":76}},"4":{"start":{"line":10,"column":36},"end":{"line":10,"column":96}},"5":{"start":{"line":12,"column":4},"end":{"line":14,"column":null}},"6":{"start":{"line":13,"column":6},"end":{"line":13,"column":null}},"7":{"start":{"line":16,"column":4},"end":{"line":18,"column":null}},"8":{"start":{"line":17,"column":6},"end":{"line":17,"column":null}},"9":{"start":{"line":20,"column":4},"end":{"line":22,"column":null}},"10":{"start":{"line":21,"column":6},"end":{"line":21,"column":null}},"11":{"start":{"line":24,"column":4},"end":{"line":24,"column":null}},"12":{"start":{"line":4,"column":0},"end":{"line":4,"column":21}}},"fnMap":{"0":{"name":"(anonymous_1)","decl":{"start":{"line":5,"column":2},"end":{"line":5,"column":11}},"loc":{"start":{"line":5,"column":31},"end":{"line":25,"column":3}}}},"branchMap":{"0":{"loc":{"start":{"line":12,"column":4},"end":{"line":14,"column":null}},"type":"if","locations":[{"start":{"line":12,"column":4},"end":{"line":14,"column":null}}]},"1":{"loc":{"start":{"line":12,"column":8},"end":{"line":12,"column":34}},"type":"binary-expr","locations":[{"start":{"line":12,"column":8},"end":{"line":12,"column":22}},{"start":{"line":12,"column":26},"end":{"line":12,"column":34}}]},"2":{"loc":{"start":{"line":16,"column":4},"end":{"line":18,"column":null}},"type":"if","locations":[{"start":{"line":16,"column":4},"end":{"line":18,"column":null}}]},"3":{"loc":{"start":{"line":16,"column":8},"end":{"line":16,"column":34}},"type":"binary-expr","locations":[{"start":{"line":16,"column":8},"end":{"line":16,"column":22}},{"start":{"line":16,"column":26},"end":{"line":16,"column":34}}]},"4":{"loc":{"start":{"line":20,"column":4},"end":{"line":22,"column":null}},"type":"if","locations":[{"start":{"line":20,"column":4},"end":{"line":22,"column":null}}]},"5":{"loc":{"start":{"line":20,"column":8},"end":{"line":20,"column":40}},"type":"binary-expr","locations":[{"start":{"line":20,"column":8},"end":{"line":20,"column":22}},{"start":{"line":20,"column":26},"end":{"line":20,"column":40}}]}},"s":{"0":1,"1":5,"2":5,"3":5,"4":5,"5":5,"6":1,"7":4,"8":1,"9":3,"10":1,"11":2,"12":1},"f":{"0":5},"b":{"0":[1],"1":[5,2],"2":[1],"3":[4,2],"4":[1],"5":[3,1]}}
,"/home/liox/jalasoft/jalasoft-bootcamp/backend_1/05-chess-game-unit-test-jest/src/piece.ts": {"path":"/home/liox/jalasoft/jalasoft-bootcamp/backend_1/05-chess-game-unit-test-jest/src/piece.ts","statementMap":{"0":{"start":{"line":1,"column":0},"end":{"line":1,"column":33}},"1":{"start":{"line":7,"column":32},"end":{"line":7,"column":44}},"2":{"start":{"line":8,"column":4},"end":{"line":8,"column":null}},"3":{"start":{"line":4,"column":0},"end":{"line":4,"column":30}}},"fnMap":{"0":{"name":"(anonymous_1)","decl":{"start":{"line":7,"column":2},"end":{"line":7,"column":32}},"loc":{"start":{"line":7,"column":67},"end":{"line":9,"column":3}}}},"branchMap":{},"s":{"0":3,"1":17,"2":17,"3":3},"f":{"0":17},"b":{}}
,"/home/liox/jalasoft/jalasoft-bootcamp/backend_1/05-chess-game-unit-test-jest/src/position.ts": {"path":"/home/liox/jalasoft/jalasoft-bootcamp/backend_1/05-chess-game-unit-test-jest/src/position.ts","statementMap":{"0":{"start":{"line":4,"column":23},"end":{"line":4,"column":33}},"1":{"start":{"line":4,"column":43},"end":{"line":4,"column":53}},"2":{"start":{"line":5,"column":4},"end":{"line":5,"column":null}},"3":{"start":{"line":6,"column":4},"end":{"line":6,"column":null}},"4":{"start":{"line":11,"column":39},"end":{"line":13,"column":null}},"5":{"start":{"line":14,"column":4},"end":{"line":14,"column":null}},"6":{"start":{"line":17,"column":15},"end":{"line":17,"column":32}},"7":{"start":{"line":3,"column":0},"end":{"line":3,"column":21}}},"fnMap":{"0":{"name":"(anonymous_0)","decl":{"start":{"line":4,"column":2},"end":{"line":4,"column":23}},"loc":{"start":{"line":4,"column":53},"end":{"line":7,"column":3}}},"1":{"name":"(anonymous_1)","decl":{"start":{"line":9,"column":2},"end":{"line":9,"column":9}},"loc":{"start":{"line":9,"column":9},"end":{"line":15,"column":3}}},"2":{"name":"(anonymous_2)","decl":{"start":{"line":17,"column":2},"end":{"line":17,"column":9}},"loc":{"start":{"line":17,"column":9},"end":{"line":17,"column":33}}}},"branchMap":{},"s":{"0":40,"1":40,"2":40,"3":40,"4":100,"5":100,"6":72,"7":3},"f":{"0":40,"1":100,"2":72},"b":{}}
,"/home/liox/jalasoft/jalasoft-bootcamp/backend_1/05-chess-game-unit-test-jest/src/queen.ts": {"path":"/home/liox/jalasoft/jalasoft-bootcamp/backend_1/05-chess-game-unit-test-jest/src/queen.ts","statementMap":{"0":{"start":{"line":1,"column":0},"end":{"line":1,"column":27}},"1":{"start":{"line":6,"column":4},"end":{"line":8,"column":null}},"2":{"start":{"line":7,"column":6},"end":{"line":7,"column":null}},"3":{"start":{"line":10,"column":4},"end":{"line":12,"column":null}},"4":{"start":{"line":11,"column":6},"end":{"line":11,"column":null}},"5":{"start":{"line":14,"column":4},"end":{"line":16,"column":null}},"6":{"start":{"line":15,"column":6},"end":{"line":15,"column":null}},"7":{"start":{"line":18,"column":4},"end":{"line":20,"column":null}},"8":{"start":{"line":19,"column":6},"end":{"line":19,"column":null}},"9":{"start":{"line":22,"column":4},"end":{"line":22,"column":null}},"10":{"start":{"line":4,"column":0},"end":{"line":4,"column":21}}},"fnMap":{"0":{"name":"(anonymous_1)","decl":{"start":{"line":5,"column":2},"end":{"line":5,"column":11}},"loc":{"start":{"line":5,"column":31},"end":{"line":23,"column":3}}}},"branchMap":{"0":{"loc":{"start":{"line":6,"column":4},"end":{"line":8,"column":null}},"type":"if","locations":[{"start":{"line":6,"column":4},"end":{"line":8,"column":null}}]},"1":{"loc":{"start":{"line":6,"column":8},"end":{"line":6,"column":104}},"type":"binary-expr","locations":[{"start":{"line":6,"column":8},"end":{"line":6,"column":54}},{"start":{"line":6,"column":58},"end":{"line":6,"column":104}}]},"2":{"loc":{"start":{"line":10,"column":4},"end":{"line":12,"column":null}},"type":"if","locations":[{"start":{"line":10,"column":4},"end":{"line":12,"column":null}}]},"3":{"loc":{"start":{"line":14,"column":4},"end":{"line":16,"column":null}},"type":"if","locations":[{"start":{"line":14,"column":4},"end":{"line":16,"column":null}}]},"4":{"loc":{"start":{"line":18,"column":4},"end":{"line":20,"column":null}},"type":"if","locations":[{"start":{"line":18,"column":4},"end":{"line":20,"column":null}}]}},"s":{"0":1,"1":9,"2":1,"3":8,"4":1,"5":7,"6":1,"7":6,"8":2,"9":4,"10":1},"f":{"0":9},"b":{"0":[1],"1":[9,2],"2":[1],"3":[1],"4":[2]}}
}
