TN:
SF:src/bishop.ts
FN:5,(anonymous_1)
FNF:1
FNH:1
FNDA:9,(anonymous_1)
DA:1,1
DA:4,1
DA:6,9
DA:7,1
DA:10,8
DA:11,2
DA:14,6
LF:7
LH:7
BRDA:6,0,0,1
BRDA:6,1,0,9
BRDA:6,1,1,3
BRDA:10,2,0,2
BRF:4
BRH:4
end_of_record
TN:
SF:src/king.ts
FN:5,(anonymous_1)
FNF:1
FNH:1
FNDA:5,(anonymous_1)
DA:1,1
DA:4,1
DA:6,5
DA:7,5
DA:9,5
DA:10,5
DA:12,5
DA:13,1
DA:16,4
DA:17,1
DA:20,3
DA:21,1
DA:24,2
LF:13
LH:13
BRDA:12,0,0,1
BRDA:12,1,0,5
BRDA:12,1,1,2
BRDA:16,2,0,1
BRDA:16,3,0,4
BRDA:16,3,1,2
BRDA:20,4,0,1
BRDA:20,5,0,3
BRDA:20,5,1,1
BRF:9
BRH:9
end_of_record
TN:
SF:src/piece.ts
FN:7,(anonymous_1)
FNF:1
FNH:1
FNDA:17,(anonymous_1)
DA:1,3
DA:4,3
DA:7,17
DA:8,17
LF:4
LH:4
BRF:0
BRH:0
end_of_record
TN:
SF:src/position.ts
FN:4,(anonymous_0)
FN:9,(anonymous_1)
FN:17,(anonymous_2)
FNF:3
FNH:3
FNDA:40,(anonymous_0)
FNDA:100,(anonymous_1)
FNDA:72,(anonymous_2)
DA:3,3
DA:4,40
DA:5,40
DA:6,40
DA:11,100
DA:14,100
DA:17,72
LF:7
LH:7
BRF:0
BRH:0
end_of_record
TN:
SF:src/queen.ts
FN:5,(anonymous_1)
FNF:1
FNH:1
FNDA:9,(anonymous_1)
DA:1,1
DA:4,1
DA:6,9
DA:7,1
DA:10,8
DA:11,1
DA:14,7
DA:15,1
DA:18,6
DA:19,2
DA:22,4
LF:11
LH:11
BRDA:6,0,0,1
BRDA:6,1,0,9
BRDA:6,1,1,2
BRDA:10,2,0,1
BRDA:14,3,0,1
BRDA:18,4,0,2
BRF:6
BRH:6
end_of_record
