TN:
SF:src/king.ts
FN:5,(anonymous_1)
FNF:1
FNH:1
FNDA:4,(anonymous_1)
DA:1,1
DA:4,1
DA:6,4
DA:7,4
DA:8,4
DA:9,4
DA:11,4
DA:12,1
DA:15,3
DA:16,1
DA:19,2
DA:20,0
DA:23,2
LF:13
LH:12
BRDA:11,0,0,1
BRDA:11,1,0,4
BRDA:11,1,1,1
BRDA:15,2,0,1
BRDA:15,3,0,3
BRDA:15,3,1,1
BRDA:19,4,0,0
BRDA:19,5,0,2
BRDA:19,5,1,0
BRF:9
BRH:7
end_of_record
TN:
SF:src/piece.ts
FN:7,(anonymous_1)
FN:11,(anonymous_2)
FNF:2
FNH:1
FNDA:9,(anonymous_1)
FNDA:0,(anonymous_2)
DA:1,2
DA:4,2
DA:7,9
DA:8,9
DA:12,0
LF:5
LH:4
BRF:0
BRH:0
end_of_record
TN:
SF:src/position.ts
FN:4,(anonymous_0)
FN:9,(anonymous_1)
FN:17,(anonymous_2)
FNF:3
FNH:3
FNDA:21,(anonymous_0)
FNDA:60,(anonymous_1)
FNDA:44,(anonymous_2)
DA:3,2
DA:4,21
DA:5,21
DA:6,21
DA:11,60
DA:14,60
DA:17,44
LF:7
LH:7
BRF:0
BRH:0
end_of_record
TN:
SF:src/queen.ts
FN:5,(anonymous_1)
FNF:1
FNH:1
FNDA:8,(anonymous_1)
DA:1,1
DA:4,1
DA:6,8
DA:7,0
DA:10,8
DA:11,1
DA:14,7
DA:15,1
DA:18,6
DA:19,2
DA:22,4
LF:11
LH:10
BRDA:6,0,0,0
BRDA:6,1,0,8
BRDA:6,1,1,1
BRDA:10,2,0,1
BRDA:14,3,0,1
BRDA:18,4,0,2
BRF:6
BRH:5
end_of_record
